<?xml version="1.0" encoding="UTF-8"?>
<!-- Generated by org.testng.reporters.JUnitXMLReporter -->
<testsuite hostname="DESKTOP-FJOEKR9" ignored="0" name="Default test(failed)" tests="1" failures="1" timestamp="01 Dec 2020 08:51:56 GMT" time="8.818" errors="0">
  <testcase name="passingdataFromExcel" time="8.792" classname="com.us.exceldata.ZooplaLoginWithExcelData">
    <failure type="java.lang.NullPointerException">
      <![CDATA[java.lang.NullPointerException
at com.us.exceldata.ZooplaLoginWithExcelData.readExcelData(ZooplaLoginWithExcelData.java:50)
at com.us.exceldata.ZooplaLoginWithExcelData.passingdataFromExcel(ZooplaLoginWithExcelData.java:32)
... Removed 25 stack frames]]>
    </failure>
  </testcase> <!-- passingdataFromExcel -->
</testsuite> <!-- Default test(failed) -->
