<?xml version="1.0" encoding="UTF-8"?>
<testng-results skipped="0" failed="0" ignored="0" total="2" passed="2">
  <reporter-output>
  </reporter-output>
  <suite name="Default suite" duration-ms="21053" started-at="2020-11-14T07:12:42Z" finished-at="2020-11-14T07:13:03Z">
    <groups>
    </groups>
    <test name="Default test" duration-ms="21053" started-at="2020-11-14T07:12:42Z" finished-at="2020-11-14T07:13:03Z">
      <class name="com.us.testng.DataProviderTest">
        <test-method status="PASS" signature="test(java.lang.String, java.lang.String)[pri:0, instance:com.us.testng.DataProviderTest@43c1b556]" name="test" duration-ms="11226" started-at="2020-11-14T07:12:42Z" data-provider="Authentication" finished-at="2020-11-14T07:12:53Z">
          <params>
            <param index="0">
              <value>
                <![CDATA[Mubashir]]>
              </value>
            </param>
            <param index="1">
              <value>
                <![CDATA[marupon76@gmail.com]]>
              </value>
            </param>
          </params>
          <reporter-output>
          </reporter-output>
        </test-method> <!-- test -->
        <test-method status="PASS" signature="test(java.lang.String, java.lang.String)[pri:0, instance:com.us.testng.DataProviderTest@43c1b556]" name="test" duration-ms="9786" started-at="2020-11-14T07:12:53Z" data-provider="Authentication" finished-at="2020-11-14T07:13:03Z">
          <params>
            <param index="0">
              <value>
                <![CDATA[Mubashir]]>
              </value>
            </param>
            <param index="1">
              <value>
                <![CDATA[Rupon123456]]>
              </value>
            </param>
          </params>
          <reporter-output>
          </reporter-output>
        </test-method> <!-- test -->
      </class> <!-- com.us.testng.DataProviderTest -->
    </test> <!-- Default test -->
  </suite> <!-- Default suite -->
</testng-results>
