<?xml version="1.0" encoding="UTF-8"?>
<!-- Generated by org.testng.reporters.JUnitXMLReporter -->
<testsuite hostname="DESKTOP-FJOEKR9" ignored="0" name="ie Browser" tests="1" failures="0" timestamp="28 Nov 2020 21:29:29 GMT" time="0.016" errors="0">
  <testcase name="@BeforeTest browserSetup" time="0.012" classname="com.crosstestng.CrossBrowsertest">
    <failure type="java.lang.IllegalStateException" message="The driver executable does not exist: C:\Users\marup\git\repository\SmartTech_Selenium\.\Driver\IEDriverServer.exe">
      <![CDATA[java.lang.IllegalStateException: The driver executable does not exist: C:\Users\marup\git\repository\SmartTech_Selenium\.\Driver\IEDriverServer.exe
at com.google.common.base.Preconditions.checkState(Preconditions.java:585)
at org.openqa.selenium.remote.service.DriverService.checkExecutable(DriverService.java:136)
at org.openqa.selenium.remote.service.DriverService.findExecutable(DriverService.java:131)
at org.openqa.selenium.ie.InternetExplorerDriverService.access$000(InternetExplorerDriverService.java:32)
at org.openqa.selenium.ie.InternetExplorerDriverService$Builder.findDefaultExecutable(InternetExplorerDriverService.java:167)
at org.openqa.selenium.remote.service.DriverService$Builder.build(DriverService.java:339)
at org.openqa.selenium.ie.InternetExplorerDriver.setupService(InternetExplorerDriver.java:291)
at org.openqa.selenium.ie.InternetExplorerDriver.<init>(InternetExplorerDriver.java:213)
at org.openqa.selenium.ie.InternetExplorerDriver.<init>(InternetExplorerDriver.java:152)
at com.crosstestng.CrossBrowsertest.browserSetup(CrossBrowsertest.java:36)
... Removed 24 stack frames]]>
    </failure>
  </testcase> <!-- @BeforeTest browserSetup -->
  <testcase name="browserTesting" time="0.0" classname="com.crosstestng.CrossBrowsertest">
    <skipped/>
  </testcase> <!-- browserTesting -->
</testsuite> <!-- ie Browser -->
