<?xml version="1.0" encoding="UTF-8"?>
<!-- Generated by org.testng.reporters.JUnitXMLReporter -->
<testsuite hostname="DESKTOP-FJOEKR9" ignored="0" name="Nopackage" tests="3" failures="0" timestamp="12 Nov 2020 07:30:12 GMT" time="0.048" errors="0">
  <testcase name="testCaseOne" time="0.018" classname="com.us.testng.Test1"/>
  <testcase name="testCaseTwo" time="0.001" classname="com.us.testng.Test2"/>
  <testcase name="testCaseThree" time="0.002" classname="com.us.testng.Test3"/>
</testsuite> <!-- Nopackage -->
